<?xml version="1.0" encoding="UTF-8"?>
<robot generator="Robot 7.0 (Python 3.10.12 on linux)" generated="2024-04-10T17:00:04.979985" rpa="false" schemaversion="5">
<suite id="s1" name="Test Robot Post Request" source="/home/arnab_linux/PycharmProjects/robot_framework_project/Task_2_robot/test_robot_post_request.robot">
<test id="s1-t1" name="Post_User" line="9">
<kw name="Create Session" owner="RequestsLibrary">
<msg time="2024-04-10T17:00:05.111861" level="INFO">Creating Session using : alias=mysession, url=https://reqres.in, headers={},                     cookies={}, auth=None, timeout=None, proxies=None, verify=False,                     debug=0 </msg>
<arg>mysession</arg>
<arg>${base_url}</arg>
<doc>Create Session: create a HTTP session to a server</doc>
<status status="PASS" start="2024-04-10T17:00:05.111424" elapsed="0.000755"/>
</kw>
<kw name="Create Dictionary" owner="BuiltIn">
<msg time="2024-04-10T17:00:05.112971" level="INFO">${body} = {'name': 'John', 'job': 'SDET'}</msg>
<var>${body}</var>
<arg>name=John</arg>
<arg>job=SDET</arg>
<doc>Creates and returns a dictionary based on the given ``items``.</doc>
<status status="PASS" start="2024-04-10T17:00:05.112491" elapsed="0.000531"/>
</kw>
<kw name="Create Dictionary" owner="BuiltIn">
<msg time="2024-04-10T17:00:05.113608" level="INFO">${header} = {'Content-Type': 'application/json; charset=utf-8'}</msg>
<var>${header}</var>
<arg>Content-Type=application/json; charset=utf-8</arg>
<doc>Creates and returns a dictionary based on the given ``items``.</doc>
<status status="PASS" start="2024-04-10T17:00:05.113292" elapsed="0.000359"/>
</kw>
<kw name="POST On Session" owner="RequestsLibrary">
<msg time="2024-04-10T17:00:05.629748" level="INFO">POST Request : url=https://reqres.in/api/users 
 path_url=/api/users 
 headers={'User-Agent': 'python-requests/2.31.0', 'Accept-Encoding': 'gzip, deflate, br', 'Accept': '*/*', 'Connection': 'keep-alive', 'Content-Length': '18', 'Content-Type': 'application/x-www-form-urlencoded'} 
 body=name=John&amp;job=SDET 
 </msg>
<msg time="2024-04-10T17:00:05.629890" level="INFO">POST Response : url=https://reqres.in/api/users 
 status=201, reason=Created 
 headers={'Date': 'Wed, 10 Apr 2024 11:30:05 GMT', 'Content-Type': 'application/json; charset=utf-8', 'Content-Length': '78', 'Connection': 'keep-alive', 'Report-To': '{"group":"heroku-nel","max_age":3600,"endpoints":[{"url":"https://nel.heroku.com/reports?ts=1712748605&amp;sid=c4c9725f-1ab0-44d8-820f-430df2718e11&amp;s=keTmK1NssBWZ29IvwM9B5KGPNEBnc6cr2uk8X6%2Bf1bA%3D"}]}', 'Reporting-Endpoints': 'heroku-nel=https://nel.heroku.com/reports?ts=1712748605&amp;sid=c4c9725f-1ab0-44d8-820f-430df2718e11&amp;s=keTmK1NssBWZ29IvwM9B5KGPNEBnc6cr2uk8X6%2Bf1bA%3D', 'Nel': '{"report_to":"heroku-nel","max_age":3600,"success_fraction":0.005,"failure_fraction":0.05,"response_headers":["Via"]}', 'X-Powered-By': 'Express', 'Access-Control-Allow-Origin': '*', 'Etag': 'W/"4e-DD+giBKWz2VjW4+3e8q0yZlry6w"', 'Via': '1.1 vegur', 'CF-Cache-Status': 'DYNAMIC', 'Server': 'cloudflare', 'CF-RAY': '8722671e7e5c93b0-BBI'} 
 body={"name":"John","job":"SDET","id":"696","createdAt":"2024-04-10T11:30:05.464Z"} 
 </msg>
<msg time="2024-04-10T17:00:05.630033" level="INFO">/home/arnab_linux/PycharmProjects/robot_framework_project/.venv/lib/python3.10/site-packages/urllib3/connectionpool.py:1103: InsecureRequestWarning: Unverified HTTPS request is being made to host 'reqres.in'. Adding certificate verification is strongly advised. See: https://urllib3.readthedocs.io/en/latest/advanced-usage.html#tls-warnings
  warnings.warn(</msg>
<msg time="2024-04-10T17:00:05.630266" level="INFO">${response} = &lt;Response [201]&gt;</msg>
<var>${response}</var>
<arg>mysession</arg>
<arg>/api/users</arg>
<arg>${body}</arg>
<arg>${header}</arg>
<doc>Sends a POST request on a previously created HTTP Session.</doc>
<status status="PASS" start="2024-04-10T17:00:05.114055" elapsed="0.516281"/>
</kw>
<kw name="Log To Console" owner="BuiltIn">
<arg>${response.status_code}</arg>
<doc>Logs the given message to the console.</doc>
<status status="PASS" start="2024-04-10T17:00:05.630687" elapsed="0.000907"/>
</kw>
<kw name="Log To Console" owner="BuiltIn">
<arg>${response.content}</arg>
<doc>Logs the given message to the console.</doc>
<status status="PASS" start="2024-04-10T17:00:05.631889" elapsed="0.000806"/>
</kw>
<kw name="Convert To String" owner="BuiltIn">
<msg time="2024-04-10T17:00:05.633982" level="INFO">${status_code} = 201</msg>
<var>${status_code}</var>
<arg>${response.status_code}</arg>
<doc>Converts the given item to a Unicode string.</doc>
<status status="PASS" start="2024-04-10T17:00:05.633003" elapsed="0.001030"/>
</kw>
<kw name="Should Be Equal" owner="BuiltIn">
<arg>${status_code}</arg>
<arg>201</arg>
<doc>Fails if the given objects are unequal.</doc>
<status status="PASS" start="2024-04-10T17:00:05.634325" elapsed="0.000365"/>
</kw>
<kw name="Convert To String" owner="BuiltIn">
<msg time="2024-04-10T17:00:05.635763" level="INFO">${body} = {"name":"John","job":"SDET","id":"696","createdAt":"2024-04-10T11:30:05.464Z"}</msg>
<var>${body}</var>
<arg>${response.content}</arg>
<doc>Converts the given item to a Unicode string.</doc>
<status status="PASS" start="2024-04-10T17:00:05.634953" elapsed="0.000859"/>
</kw>
<kw name="Should Contain" owner="BuiltIn">
<arg>${body}</arg>
<arg>John</arg>
<doc>Fails if ``container`` does not contain ``item`` one or more times.</doc>
<status status="PASS" start="2024-04-10T17:00:05.636114" elapsed="0.000296"/>
</kw>
<status status="PASS" start="2024-04-10T17:00:05.110360" elapsed="0.526309"/>
</test>
<status status="PASS" start="2024-04-10T17:00:04.981605" elapsed="0.655721"/>
</suite>
<statistics>
<total>
<stat pass="1" fail="0" skip="0">All Tests</stat>
</total>
<tag>
</tag>
<suite>
<stat pass="1" fail="0" skip="0" id="s1" name="Test Robot Post Request">Test Robot Post Request</stat>
</suite>
</statistics>
<errors>
</errors>
</robot>
